[2018-10-25T15:00:05.525] [INFO] blog.js - url参数对象 : { blogId: '2018035' }
[2018-10-25T15:00:05.544] [INFO] blog.js - 数据库已连接!
[2018-10-25T15:00:05.554] [INFO] blog.js - 数据库已连接!
[2018-10-25T15:00:05.577] [INFO] app.js - GET /common/blogDetail/2018035
[2018-10-25T15:00:05.609] [INFO] app.js - GET /css/common.css
[2018-10-25T15:00:05.612] [INFO] app.js - GET /bootstrap-3.3.7-dist/css/bootstrap.css
[2018-10-25T15:00:05.613] [INFO] app.js - GET /font-awesome-4.7.0/css/font-awesome.css
[2018-10-25T15:00:05.615] [INFO] app.js - GET /lib/jquery-3.1.0.min.js
[2018-10-25T15:00:05.615] [INFO] app.js - GET /images/head.jpeg
[2018-10-25T15:00:05.784] [INFO] app.js - GET /bootstrap-3.3.7-dist/js/bootstrap.js
[2018-10-25T15:00:05.784] [INFO] app.js - GET /lib/sweetalert.min.js
[2018-10-25T15:00:05.785] [INFO] app.js - GET /lib/template-web.js
[2018-10-25T15:00:05.786] [INFO] app.js - GET /js/common.js
[2018-10-25T15:00:05.786] [INFO] app.js - GET /uploadImg/54d5632456a5671a0aa47142a6ef7600e0b9b685.jpg
[2018-10-25T15:00:05.817] [INFO] app.js - GET /font-awesome-4.7.0/fonts/fontawesome-webfont.woff2?v=4.7.0
[2018-10-25T15:00:05.900] [INFO] blog.js - 数据库已连接!
[2018-10-25T15:00:05.905] [INFO] blog.js - 数据库已连接!
[2018-10-25T15:00:05.908] [INFO] blog.js - 数据库已连接!
[2018-10-25T15:00:05.910] [INFO] blog.js - 数据库已连接!
[2018-10-25T15:00:05.916] [INFO] app.js - POST /countPv
[2018-10-25T15:00:05.916] [INFO] app.js - POST /getComments
[2018-10-25T15:00:05.918] [INFO] app.js - POST /getNewBlogs
[2018-10-25T15:00:05.919] [INFO] app.js - POST /getTypeCount
[2018-10-25T15:00:05.968] [INFO] app.js - GET /favicon.ico
[2018-10-25T15:00:25.269] [INFO] blog.js - url参数对象 : { author: 'f' }
[2018-10-25T15:00:25.272] [INFO] blog.js - 数据库已连接!
[2018-10-25T15:00:25.280] [INFO] app.js - GET /common/u-blogList?author=f
[2018-10-25T15:00:25.314] [INFO] app.js - GET /bootstrap-3.3.7-dist/css/bootstrap.css
[2018-10-25T15:00:25.317] [INFO] app.js - GET /font-awesome-4.7.0/css/font-awesome.css
[2018-10-25T15:00:25.318] [INFO] app.js - GET /css/common.css
[2018-10-25T15:00:25.319] [INFO] app.js - GET /lib/jquery-3.1.0.min.js
[2018-10-25T15:00:25.321] [INFO] app.js - GET /images/head.jpeg
[2018-10-25T15:00:25.464] [INFO] app.js - GET /bootstrap-3.3.7-dist/js/bootstrap.js
[2018-10-25T15:00:25.464] [INFO] app.js - GET /lib/sweetalert.min.js
[2018-10-25T15:00:25.466] [INFO] app.js - GET /lib/template-web.js
[2018-10-25T15:00:25.467] [INFO] app.js - GET /js/common.js
[2018-10-25T15:00:25.504] [INFO] app.js - GET /font-awesome-4.7.0/fonts/fontawesome-webfont.woff2?v=4.7.0
[2018-10-25T15:00:25.580] [INFO] blog.js - 数据库已连接!
[2018-10-25T15:00:25.585] [INFO] blog.js - 数据库已连接!
[2018-10-25T15:00:25.586] [INFO] app.js - POST /getNewBlogs
[2018-10-25T15:00:25.592] [INFO] blog.js - 数据库已连接!
[2018-10-25T15:00:25.596] [INFO] app.js - POST /getBlogs
[2018-10-25T15:00:25.600] [INFO] app.js - POST /getTypeCount
